mode: set
github.com/mercadolibre/taller-go/src/api/Services/myml/myml_services.go:11.86,24.16 9 0
github.com/mercadolibre/taller-go/src/api/Services/myml/myml_services.go:31.2,32.12 2 0
github.com/mercadolibre/taller-go/src/api/Services/myml/myml_services.go:42.2,42.12 1 0
github.com/mercadolibre/taller-go/src/api/Services/myml/myml_services.go:48.2,48.12 1 0
github.com/mercadolibre/taller-go/src/api/Services/myml/myml_services.go:53.2,55.16 2 0
github.com/mercadolibre/taller-go/src/api/Services/myml/myml_services.go:62.2,62.24 1 0
github.com/mercadolibre/taller-go/src/api/Services/myml/myml_services.go:24.16,29.3 1 0
github.com/mercadolibre/taller-go/src/api/Services/myml/myml_services.go:32.12,40.3 7 0
github.com/mercadolibre/taller-go/src/api/Services/myml/myml_services.go:42.12,47.3 3 0
github.com/mercadolibre/taller-go/src/api/Services/myml/myml_services.go:48.12,52.3 3 0
github.com/mercadolibre/taller-go/src/api/Services/myml/myml_services.go:55.16,60.3 1 0
